app/build/intermediates/manifest_merge_blame_file/debug/processDebugMainManifest/manifest-merger-blame-debug-report.txt
1<?xml version="1.0" encoding="utf-8"?>
2<manifest xmlns:android="http://schemas.android.com/apk/res/android"
3    package="com.ma.ipcam"
4    android:versionCode="1"
5    android:versionName="1.0" >
6
7    <uses-sdk
8        android:minSdkVersion="10"
9        android:targetSdkVersion="35" />
10
11    <uses-permission android:name="android.permission.CAMERA" />
11-->src/main/AndroidManifest.xml:2:2-61
11-->src/main/AndroidManifest.xml:2:19-59
12    <uses-permission android:name="android.permission.INTERNET" />
12-->src/main/AndroidManifest.xml:3:2-63
12-->src/main/AndroidManifest.xml:3:19-61
13
14    <uses-feature android:name="android.hardware.camera" />
14-->src/main/AndroidManifest.xml:4:2-56
14-->src/main/AndroidManifest.xml:4:16-54
15
16    <application
16-->src/main/AndroidManifest.xml:5:5-17:19
17        android:debuggable="true"
18        android:extractNativeLibs="true"
19        android:label="IPCam" >
19-->src/main/AndroidManifest.xml:6:9-30
20        <activity
20-->src/main/AndroidManifest.xml:7:9-16:20
21            android:name="com.ma.ipcam.MainActivity"
21-->src/main/AndroidManifest.xml:8:13-41
22            android:exported="true" >
22-->src/main/AndroidManifest.xml:9:13-36
23            <intent-filter>
23-->src/main/AndroidManifest.xml:11:13-14:29
24                <action android:name="android.intent.action.MAIN" />
24-->src/main/AndroidManifest.xml:12:17-69
24-->src/main/AndroidManifest.xml:12:25-66
25
26                <category android:name="android.intent.category.LAUNCHER" />
26-->src/main/AndroidManifest.xml:13:17-77
26-->src/main/AndroidManifest.xml:13:27-74
27            </intent-filter>
28        </activity>
29    </application>
30
31</manifest>